<?xml version="1.0" encoding="UTF-8"?>
<!-- Generated by org.testng.reporters.JUnitXMLReporter -->
<testsuite ignored="0" hostname="DESKTOP-AL8F7Q9" failures="1" tests="1" name="Firefox Tests" time="595.108" errors="0" timestamp="2026-06-26T15:07:34 IST">
  <testcase classname="com.automationexercise.tests.LoginTest" name="testLoginWithExcelData" time="224.135">
    <failure type="org.openqa.selenium.TimeoutException" message="java.util.concurrent.TimeoutException
Build info: version: &amp;apos;4.21.0&amp;apos;, revision: &amp;apos;79ed462ef4&amp;apos;
System info: os.name: &amp;apos;Windows 10&amp;apos;, os.arch: &amp;apos;amd64&amp;apos;, os.version: &amp;apos;10.0&amp;apos;, java.version: &amp;apos;26.0.1&amp;apos;
Driver info: org.openqa.selenium.remote.RemoteWebDriver
Command: [34111d4e-5870-4de6-8d7c-9b6606e0195a, clickElement {id=a42a13e4-f552-44f7-8e98-49c68c4a1a44}]
Capabilities {acceptInsecureCerts: true, browserName: firefox, browserVersion: 152.0.3, moz:accessibilityChecks: false, moz:buildID: 20260624221428, moz:debuggerAddress: true, moz:firefoxOptions: {binary: C:\Users\Bhargavi\.cache\se...}, moz:geckodriverVersion: 0.37.0, moz:headless: false, moz:platformVersion: 10.0, moz:processID: 13128, moz:profile: C:\Users\Bhargavi\AppData\L..., moz:shutdownTimeout: 60000, moz:webdriverClick: true, moz:windowless: false, pageLoadStrategy: normal, platformName: Windows 10, proxy: Proxy(), se:bidiEnabled: false, se:cdpEnabled: false, setWindowRect: true, strictFileInteractability: false, timeouts: {implicit: 0, pageLoad: 300000, script: 30000}, unhandledPromptBehavior: dismiss and notify, userAgent: Mozilla/5.0 (Windows NT 10....}
Element: [[RemoteWebDriver: firefox on Windows 10 (34111d4e-5870-4de6-8d7c-9b6606e0195a)] -&amp;gt; xpath: //button[@data-qa=&amp;apos;login-button&amp;apos;]]
Session ID: 34111d4e-5870-4de6-8d7c-9b6606e0195a">
      <![CDATA[org.openqa.selenium.TimeoutException: java.util.concurrent.TimeoutException
Build info: version: '4.21.0', revision: '79ed462ef4'
System info: os.name: 'Windows 10', os.arch: 'amd64', os.version: '10.0', java.version: '26.0.1'
Driver info: org.openqa.selenium.remote.RemoteWebDriver
Command: [34111d4e-5870-4de6-8d7c-9b6606e0195a, clickElement {id=a42a13e4-f552-44f7-8e98-49c68c4a1a44}]
Capabilities {acceptInsecureCerts: true, browserName: firefox, browserVersion: 152.0.3, moz:accessibilityChecks: false, moz:buildID: 20260624221428, moz:debuggerAddress: true, moz:firefoxOptions: {binary: C:\Users\Bhargavi\.cache\se...}, moz:geckodriverVersion: 0.37.0, moz:headless: false, moz:platformVersion: 10.0, moz:processID: 13128, moz:profile: C:\Users\Bhargavi\AppData\L..., moz:shutdownTimeout: 60000, moz:webdriverClick: true, moz:windowless: false, pageLoadStrategy: normal, platformName: Windows 10, proxy: Proxy(), se:bidiEnabled: false, se:cdpEnabled: false, setWindowRect: true, strictFileInteractability: false, timeouts: {implicit: 0, pageLoad: 300000, script: 30000}, unhandledPromptBehavior: dismiss and notify, userAgent: Mozilla/5.0 (Windows NT 10....}
Element: [[RemoteWebDriver: firefox on Windows 10 (34111d4e-5870-4de6-8d7c-9b6606e0195a)] -> xpath: //button[@data-qa='login-button']]
Session ID: 34111d4e-5870-4de6-8d7c-9b6606e0195a
at org.openqa.selenium.remote.http.jdk.JdkHttpClient.execute0(JdkHttpClient.java:399)
at org.openqa.selenium.remote.http.AddSeleniumUserAgent.lambda$apply$0(AddSeleniumUserAgent.java:42)
at org.openqa.selenium.remote.http.Filter.lambda$andFinally$1(Filter.java:55)
at org.openqa.selenium.remote.http.jdk.JdkHttpClient.execute(JdkHttpClient.java:355)
at org.openqa.selenium.remote.tracing.TracedHttpClient.execute(TracedHttpClient.java:54)
at org.openqa.selenium.remote.HttpCommandExecutor.execute(HttpCommandExecutor.java:187)
at org.openqa.selenium.remote.TracedCommandExecutor.execute(TracedCommandExecutor.java:51)
at org.openqa.selenium.remote.RemoteWebDriver.execute(RemoteWebDriver.java:518)
at org.openqa.selenium.remote.RemoteWebElement.execute(RemoteWebElement.java:223)
at org.openqa.selenium.remote.RemoteWebElement.click(RemoteWebElement.java:76)
at org.openqa.selenium.support.pagefactory.internal.LocatingElementHandler.invoke(LocatingElementHandler.java:51)
at jdk.proxy2/jdk.proxy2.$Proxy30.click(Unknown Source)
at com.automationexercise.pages.LoginPage.clickLoginButton(LoginPage.java:35)
at com.automationexercise.tests.LoginTest.testLoginWithExcelData(LoginTest.java:80)
at java.base/java.util.ArrayList.forEach(ArrayList.java:1612)
at java.base/java.util.concurrent.FutureTask.run(FutureTask.java:330)
at java.base/java.util.concurrent.ThreadPoolExecutor.runWorker(ThreadPoolExecutor.java:1090)
at java.base/java.util.concurrent.ThreadPoolExecutor$Worker.run(ThreadPoolExecutor.java:614)
at java.base/java.lang.Thread.run(Thread.java:1516)
Caused by: java.util.concurrent.TimeoutException
at java.base/java.util.concurrent.CompletableFuture.timedGet(CompletableFuture.java:1981)
at java.base/java.util.concurrent.CompletableFuture.get(CompletableFuture.java:2116)
at org.openqa.selenium.remote.http.jdk.JdkHttpClient.execute0(JdkHttpClient.java:382)
... 35 more
... Removed 17 stack frames]]>
    </failure>
  </testcase> <!-- testLoginWithExcelData -->
</testsuite> <!-- Firefox Tests -->
