<?xml version="1.0" encoding="UTF-8"?>
<!-- Generated by org.testng.reporters.JUnitXMLReporter -->
<testsuite ignored="0" hostname="DESKTOP-AL8F7Q9" failures="0" tests="2" name="All Tests" time="676.414" errors="0" timestamp="2026-06-25T22:43:39 IST">
  <testcase classname="com.automationexercise.tests.LoginTest" name="testLoginWithExcelData" time="282.715"/>
  <testcase classname="com.automationexercise.tests.RegisterTest" name="testRegisterWithExcelData" time="177.481"/>
</testsuite> <!-- All Tests -->
