<?xml version="1.0" encoding="UTF-8"?>
<!-- Generated by org.testng.reporters.JUnitXMLReporter -->
<testsuite ignored="0" hostname="DESKTOP-AL8F7Q9" failures="1" tests="1" name="Login Tests" time="5.501" errors="0" timestamp="2026-06-25T18:01:40 IST">
  <testcase classname="com.automationexercise.tests.LoginTest" name="testLoginWithExcelData" time="5.323">
    <failure type="java.lang.NullPointerException" message="Cannot invoke &amp;quot;org.openqa.selenium.WebDriver.manage()&amp;quot; because &amp;quot;this.driver&amp;quot; is null">
      <![CDATA[java.lang.NullPointerException: Cannot invoke "org.openqa.selenium.WebDriver.manage()" because "this.driver" is null
at com.automationexercise.tests.LoginTest.testLoginWithExcelData(LoginTest.java:70)
at java.base/java.util.ArrayList.forEach(ArrayList.java:1612)
... Removed 25 stack frames]]>
    </failure>
  </testcase> <!-- testLoginWithExcelData -->
</testsuite> <!-- Login Tests -->
