<?xml version="1.0" encoding="UTF-8"?>
<testng-results ignored="0" total="3" passed="2" failed="1" skipped="0">
  <reporter-output>
  </reporter-output>
  <suite started-at="2026-06-26T14:57:39 IST" name="Cross Browser Suite" finished-at="2026-06-26T15:07:34 IST" duration-ms="595108">
    <groups>
    </groups>
    <test started-at="2026-06-26T14:57:39 IST" name="Edge Tests" finished-at="2026-06-26T15:03:11 IST" duration-ms="332719">
      <class name="com.automationexercise.tests.LoginTest">
        <test-method is-config="true" signature="setup(java.lang.String)[pri:0, instance:com.automationexercise.tests.LoginTest@7cbc3762]" started-at="2026-06-26T14:57:39 IST" name="setup" finished-at="2026-06-26T14:58:45 IST" duration-ms="66060" status="PASS">
          <params>
            <param index="0">
              <value>
                <![CDATA[edge]]>
              </value>
            </param>
          </params>
          <reporter-output>
          </reporter-output>
        </test-method> <!-- setup -->
        <test-method signature="testLoginWithExcelData()[pri:0, instance:com.automationexercise.tests.LoginTest@7cbc3762]" started-at="2026-06-26T14:58:45 IST" name="testLoginWithExcelData" finished-at="2026-06-26T15:02:46 IST" duration-ms="240871" status="PASS">
          <reporter-output>
          </reporter-output>
        </test-method> <!-- testLoginWithExcelData -->
        <test-method is-config="true" signature="teardown()[pri:0, instance:com.automationexercise.tests.LoginTest@7cbc3762]" started-at="2026-06-26T15:02:46 IST" name="teardown" finished-at="2026-06-26T15:03:11 IST" duration-ms="25341" status="PASS">
          <reporter-output>
          </reporter-output>
        </test-method> <!-- teardown -->
      </class> <!-- com.automationexercise.tests.LoginTest -->
    </test> <!-- Edge Tests -->
    <test started-at="2026-06-26T14:57:39 IST" name="Chrome Tests" finished-at="2026-06-26T15:06:40 IST" duration-ms="541481">
      <class name="com.automationexercise.tests.LoginTest">
        <test-method is-config="true" signature="setup(java.lang.String)[pri:0, instance:com.automationexercise.tests.LoginTest@7103cb56]" started-at="2026-06-26T14:57:39 IST" name="setup" finished-at="2026-06-26T14:58:15 IST" duration-ms="36417" status="PASS">
          <params>
            <param index="0">
              <value>
                <![CDATA[chrome]]>
              </value>
            </param>
          </params>
          <reporter-output>
          </reporter-output>
        </test-method> <!-- setup -->
        <test-method signature="testLoginWithExcelData()[pri:0, instance:com.automationexercise.tests.LoginTest@7103cb56]" started-at="2026-06-26T14:58:15 IST" name="testLoginWithExcelData" finished-at="2026-06-26T15:06:10 IST" duration-ms="474174" status="PASS">
          <reporter-output>
          </reporter-output>
        </test-method> <!-- testLoginWithExcelData -->
        <test-method is-config="true" signature="teardown()[pri:0, instance:com.automationexercise.tests.LoginTest@7103cb56]" started-at="2026-06-26T15:06:10 IST" name="teardown" finished-at="2026-06-26T15:06:40 IST" duration-ms="30383" status="PASS">
          <reporter-output>
          </reporter-output>
        </test-method> <!-- teardown -->
      </class> <!-- com.automationexercise.tests.LoginTest -->
    </test> <!-- Chrome Tests -->
    <test started-at="2026-06-26T14:57:39 IST" name="Firefox Tests" finished-at="2026-06-26T15:07:34 IST" duration-ms="595108">
      <class name="com.automationexercise.tests.LoginTest">
        <test-method is-config="true" signature="setup(java.lang.String)[pri:0, instance:com.automationexercise.tests.LoginTest@3a393455]" started-at="2026-06-26T14:57:39 IST" name="setup" finished-at="2026-06-26T15:01:47 IST" duration-ms="248205" status="PASS">
          <params>
            <param index="0">
              <value>
                <![CDATA[firefox]]>
              </value>
            </param>
          </params>
          <reporter-output>
          </reporter-output>
        </test-method> <!-- setup -->
        <test-method signature="testLoginWithExcelData()[pri:0, instance:com.automationexercise.tests.LoginTest@3a393455]" started-at="2026-06-26T15:01:47 IST" name="testLoginWithExcelData" finished-at="2026-06-26T15:05:31 IST" duration-ms="224135" status="FAIL">
          <exception class="org.openqa.selenium.TimeoutException">
            <message>
              <![CDATA[java.util.concurrent.TimeoutException
Build info: version: '4.21.0', revision: '79ed462ef4'
System info: os.name: 'Windows 10', os.arch: 'amd64', os.version: '10.0', java.version: '26.0.1'
Driver info: org.openqa.selenium.remote.RemoteWebDriver
Command: [34111d4e-5870-4de6-8d7c-9b6606e0195a, clickElement {id=a42a13e4-f552-44f7-8e98-49c68c4a1a44}]
Capabilities {acceptInsecureCerts: true, browserName: firefox, browserVersion: 152.0.3, moz:accessibilityChecks: false, moz:buildID: 20260624221428, moz:debuggerAddress: true, moz:firefoxOptions: {binary: C:\Users\Bhargavi\.cache\se...}, moz:geckodriverVersion: 0.37.0, moz:headless: false, moz:platformVersion: 10.0, moz:processID: 13128, moz:profile: C:\Users\Bhargavi\AppData\L..., moz:shutdownTimeout: 60000, moz:webdriverClick: true, moz:windowless: false, pageLoadStrategy: normal, platformName: Windows 10, proxy: Proxy(), se:bidiEnabled: false, se:cdpEnabled: false, setWindowRect: true, strictFileInteractability: false, timeouts: {implicit: 0, pageLoad: 300000, script: 30000}, unhandledPromptBehavior: dismiss and notify, userAgent: Mozilla/5.0 (Windows NT 10....}
Element: [[RemoteWebDriver: firefox on Windows 10 (34111d4e-5870-4de6-8d7c-9b6606e0195a)] -> xpath: //button[@data-qa='login-button']]
Session ID: 34111d4e-5870-4de6-8d7c-9b6606e0195a]]>
            </message>
            <full-stacktrace>
              <![CDATA[org.openqa.selenium.TimeoutException: java.util.concurrent.TimeoutException
Build info: version: '4.21.0', revision: '79ed462ef4'
System info: os.name: 'Windows 10', os.arch: 'amd64', os.version: '10.0', java.version: '26.0.1'
Driver info: org.openqa.selenium.remote.RemoteWebDriver
Command: [34111d4e-5870-4de6-8d7c-9b6606e0195a, clickElement {id=a42a13e4-f552-44f7-8e98-49c68c4a1a44}]
Capabilities {acceptInsecureCerts: true, browserName: firefox, browserVersion: 152.0.3, moz:accessibilityChecks: false, moz:buildID: 20260624221428, moz:debuggerAddress: true, moz:firefoxOptions: {binary: C:\Users\Bhargavi\.cache\se...}, moz:geckodriverVersion: 0.37.0, moz:headless: false, moz:platformVersion: 10.0, moz:processID: 13128, moz:profile: C:\Users\Bhargavi\AppData\L..., moz:shutdownTimeout: 60000, moz:webdriverClick: true, moz:windowless: false, pageLoadStrategy: normal, platformName: Windows 10, proxy: Proxy(), se:bidiEnabled: false, se:cdpEnabled: false, setWindowRect: true, strictFileInteractability: false, timeouts: {implicit: 0, pageLoad: 300000, script: 30000}, unhandledPromptBehavior: dismiss and notify, userAgent: Mozilla/5.0 (Windows NT 10....}
Element: [[RemoteWebDriver: firefox on Windows 10 (34111d4e-5870-4de6-8d7c-9b6606e0195a)] -> xpath: //button[@data-qa='login-button']]
Session ID: 34111d4e-5870-4de6-8d7c-9b6606e0195a
at org.openqa.selenium.remote.http.jdk.JdkHttpClient.execute0(JdkHttpClient.java:399)
at org.openqa.selenium.remote.http.AddSeleniumUserAgent.lambda$apply$0(AddSeleniumUserAgent.java:42)
at org.openqa.selenium.remote.http.Filter.lambda$andFinally$1(Filter.java:55)
at org.openqa.selenium.remote.http.jdk.JdkHttpClient.execute(JdkHttpClient.java:355)
at org.openqa.selenium.remote.tracing.TracedHttpClient.execute(TracedHttpClient.java:54)
at org.openqa.selenium.remote.HttpCommandExecutor.execute(HttpCommandExecutor.java:187)
at org.openqa.selenium.remote.TracedCommandExecutor.execute(TracedCommandExecutor.java:51)
at org.openqa.selenium.remote.RemoteWebDriver.execute(RemoteWebDriver.java:518)
at org.openqa.selenium.remote.RemoteWebElement.execute(RemoteWebElement.java:223)
at org.openqa.selenium.remote.RemoteWebElement.click(RemoteWebElement.java:76)
at java.base/jdk.internal.reflect.DirectMethodHandleAccessor.invoke(DirectMethodHandleAccessor.java:104)
at java.base/java.lang.reflect.Method.invoke(Method.java:565)
at org.openqa.selenium.support.pagefactory.internal.LocatingElementHandler.invoke(LocatingElementHandler.java:51)
at jdk.proxy2/jdk.proxy2.$Proxy30.click(Unknown Source)
at com.automationexercise.pages.LoginPage.clickLoginButton(LoginPage.java:35)
at com.automationexercise.tests.LoginTest.testLoginWithExcelData(LoginTest.java:80)
at java.base/jdk.internal.reflect.DirectMethodHandleAccessor.invoke(DirectMethodHandleAccessor.java:104)
at java.base/java.lang.reflect.Method.invoke(Method.java:565)
at org.testng.internal.invokers.MethodInvocationHelper.invokeMethod(MethodInvocationHelper.java:141)
at org.testng.internal.invokers.TestInvoker.invokeMethod(TestInvoker.java:686)
at org.testng.internal.invokers.TestInvoker.invokeTestMethod(TestInvoker.java:230)
at org.testng.internal.invokers.MethodRunner.runInSequence(MethodRunner.java:63)
at org.testng.internal.invokers.TestInvoker$MethodInvocationAgent.invoke(TestInvoker.java:992)
at org.testng.internal.invokers.TestInvoker.invokeTestMethods(TestInvoker.java:203)
at org.testng.internal.invokers.TestMethodWorker.invokeTestMethods(TestMethodWorker.java:154)
at org.testng.internal.invokers.TestMethodWorker.run(TestMethodWorker.java:134)
at java.base/java.util.ArrayList.forEach(ArrayList.java:1612)
at org.testng.TestRunner.privateRun(TestRunner.java:739)
at org.testng.TestRunner.run(TestRunner.java:614)
at org.testng.SuiteRunner.runTest(SuiteRunner.java:421)
at org.testng.SuiteRunner$SuiteWorker.run(SuiteRunner.java:463)
at org.testng.internal.thread.ThreadUtil.lambda$execute$0(ThreadUtil.java:64)
at java.base/java.util.concurrent.FutureTask.run(FutureTask.java:330)
at java.base/java.util.concurrent.ThreadPoolExecutor.runWorker(ThreadPoolExecutor.java:1090)
at java.base/java.util.concurrent.ThreadPoolExecutor$Worker.run(ThreadPoolExecutor.java:614)
at java.base/java.lang.Thread.run(Thread.java:1516)
Caused by: java.util.concurrent.TimeoutException
at java.base/java.util.concurrent.CompletableFuture.timedGet(CompletableFuture.java:1981)
at java.base/java.util.concurrent.CompletableFuture.get(CompletableFuture.java:2116)
at org.openqa.selenium.remote.http.jdk.JdkHttpClient.execute0(JdkHttpClient.java:382)
... 35 more
]]>
            </full-stacktrace>
          </exception> <!-- org.openqa.selenium.TimeoutException -->
          <reporter-output>
          </reporter-output>
        </test-method> <!-- testLoginWithExcelData -->
        <test-method is-config="true" signature="teardown()[pri:0, instance:com.automationexercise.tests.LoginTest@3a393455]" started-at="2026-06-26T15:05:33 IST" name="teardown" finished-at="2026-06-26T15:07:34 IST" duration-ms="120569" status="PASS">
          <reporter-output>
          </reporter-output>
        </test-method> <!-- teardown -->
      </class> <!-- com.automationexercise.tests.LoginTest -->
    </test> <!-- Firefox Tests -->
  </suite> <!-- Cross Browser Suite -->
</testng-results>
