<?xml version="1.0" encoding="UTF-8"?>
<testng-results ignored="0" total="2" passed="2" failed="0" skipped="0">
  <reporter-output>
  </reporter-output>
  <suite started-at="2026-06-25T22:32:23 IST" name="Automation Suite" finished-at="2026-06-25T22:43:39 IST" duration-ms="676414">
    <groups>
    </groups>
    <test started-at="2026-06-25T22:32:23 IST" name="All Tests" finished-at="2026-06-25T22:43:39 IST" duration-ms="676414">
      <class name="com.automationexercise.tests.LoginTest">
        <test-method is-config="true" signature="setup()[pri:0, instance:com.automationexercise.tests.LoginTest@7ca33c24]" started-at="2026-06-25T22:32:23 IST" name="setup" finished-at="2026-06-25T22:35:27 IST" duration-ms="184506" status="PASS">
          <reporter-output>
          </reporter-output>
        </test-method> <!-- setup -->
        <test-method signature="testLoginWithExcelData()[pri:0, instance:com.automationexercise.tests.LoginTest@7ca33c24]" started-at="2026-06-25T22:35:27 IST" name="testLoginWithExcelData" finished-at="2026-06-25T22:40:10 IST" duration-ms="282715" status="PASS">
          <reporter-output>
          </reporter-output>
        </test-method> <!-- testLoginWithExcelData -->
        <test-method is-config="true" signature="teardown()[pri:0, instance:com.automationexercise.tests.LoginTest@7ca33c24]" started-at="2026-06-25T22:40:10 IST" name="teardown" finished-at="2026-06-25T22:40:17 IST" duration-ms="6499" status="PASS">
          <reporter-output>
          </reporter-output>
        </test-method> <!-- teardown -->
      </class> <!-- com.automationexercise.tests.LoginTest -->
      <class name="com.automationexercise.tests.RegisterTest">
        <test-method is-config="true" signature="setup()[pri:0, instance:com.automationexercise.tests.RegisterTest@41dd05a]" started-at="2026-06-25T22:40:17 IST" name="setup" finished-at="2026-06-25T22:40:38 IST" duration-ms="21530" status="PASS">
          <reporter-output>
          </reporter-output>
        </test-method> <!-- setup -->
        <test-method signature="testRegisterWithExcelData()[pri:0, instance:com.automationexercise.tests.RegisterTest@41dd05a]" started-at="2026-06-25T22:40:38 IST" name="testRegisterWithExcelData" finished-at="2026-06-25T22:43:36 IST" duration-ms="177481" status="PASS">
          <reporter-output>
          </reporter-output>
        </test-method> <!-- testRegisterWithExcelData -->
        <test-method is-config="true" signature="teardown()[pri:0, instance:com.automationexercise.tests.RegisterTest@41dd05a]" started-at="2026-06-25T22:43:36 IST" name="teardown" finished-at="2026-06-25T22:43:39 IST" duration-ms="3040" status="PASS">
          <reporter-output>
          </reporter-output>
        </test-method> <!-- teardown -->
      </class> <!-- com.automationexercise.tests.RegisterTest -->
    </test> <!-- All Tests -->
  </suite> <!-- Automation Suite -->
</testng-results>
